build/app/intermediates/manifest_merge_blame_file/release/manifest-merger-blame-release-report.txt
1<?xml version="1.0" encoding="utf-8"?>
2<manifest xmlns:android="http://schemas.android.com/apk/res/android"
3    package="tefarianlegion.com.covid19"
4    android:versionCode="4001"
5    android:versionName="1.0.0" >
6
7    <uses-sdk
8        android:minSdkVersion="16"
8-->src\main\AndroidManifest.xml
9        android:targetSdkVersion="28" />
9-->src\main\AndroidManifest.xml
10    <!--
11         io.flutter.app.FlutterApplication is an android.app.Application that
12         calls FlutterMain.startInitialization(this); in its onCreate method.
13         In most cases you can leave this as-is, but you if you want to provide
14         additional functionality it is fine to subclass or reimplement
15         FlutterApplication and put your custom class here.
16    -->
17    <uses-permission android:name="android.permission.ACCESS_FINE_LOCATION" />
17-->src\main\AndroidManifest.xml:8:5-79
17-->src\main\AndroidManifest.xml:8:22-76
18    <uses-permission android:name="android.permission.ACCESS_COARSE_LOCATION" />
18-->src\main\AndroidManifest.xml:9:5-81
18-->src\main\AndroidManifest.xml:9:22-78
19    <uses-permission android:name="android.permission.INTERNET" />
19-->src\main\AndroidManifest.xml:10:5-67
19-->src\main\AndroidManifest.xml:10:22-64
20    <!-- Include required permissions for Google Maps API to run. -->
21    <uses-permission android:name="android.permission.ACCESS_NETWORK_STATE" />
21-->[com.google.android.gms:play-services-maps:17.0.0] AndroidManifest.xml:23:5-79
21-->[com.google.android.gms:play-services-maps:17.0.0] AndroidManifest.xml:23:22-76
22
23    <uses-feature
23-->[com.google.android.gms:play-services-maps:17.0.0] AndroidManifest.xml:26:5-28:35
24        android:glEsVersion="0x00020000"
24-->[com.google.android.gms:play-services-maps:17.0.0] AndroidManifest.xml:27:9-41
25        android:required="true" />
25-->[com.google.android.gms:play-services-maps:17.0.0] AndroidManifest.xml:28:9-32
26
27    <application
27-->src\main\AndroidManifest.xml:11:5-35:19
28        android:name="io.flutter.app.FlutterApplication"
28-->src\main\AndroidManifest.xml:12:9-57
29        android:appComponentFactory="androidx.core.app.CoreComponentFactory"
29-->[androidx.core:core:1.1.0] AndroidManifest.xml:24:18-86
30        android:icon="@mipmap/ic_launcher"
30-->src\main\AndroidManifest.xml:14:9-43
31        android:label="covid19" >
31-->src\main\AndroidManifest.xml:13:9-32
32        <activity
32-->src\main\AndroidManifest.xml:15:9-26:20
33            android:name="tefarianlegion.com.covid19.MainActivity"
33-->src\main\AndroidManifest.xml:16:13-41
34            android:configChanges="orientation|keyboardHidden|keyboard|screenSize|smallestScreenSize|locale|layoutDirection|fontScale|screenLayout|density|uiMode"
34-->src\main\AndroidManifest.xml:19:13-163
35            android:hardwareAccelerated="true"
35-->src\main\AndroidManifest.xml:20:13-47
36            android:launchMode="singleTop"
36-->src\main\AndroidManifest.xml:17:13-43
37            android:theme="@style/LaunchTheme"
37-->src\main\AndroidManifest.xml:18:13-47
38            android:windowSoftInputMode="adjustResize" >
38-->src\main\AndroidManifest.xml:21:13-55
39            <intent-filter>
39-->src\main\AndroidManifest.xml:22:13-25:29
40                <action android:name="android.intent.action.MAIN" />
40-->src\main\AndroidManifest.xml:23:17-68
40-->src\main\AndroidManifest.xml:23:25-66
41
42                <category android:name="android.intent.category.LAUNCHER" />
42-->src\main\AndroidManifest.xml:24:17-76
42-->src\main\AndroidManifest.xml:24:27-74
43            </intent-filter>
44        </activity>
45        <!--
46             Don't delete the meta-data below.
47             This is used by the Flutter tool to generate GeneratedPluginRegistrant.java
48        -->
49        <meta-data
49-->src\main\AndroidManifest.xml:29:9-31:33
50            android:name="flutterEmbedding"
50-->src\main\AndroidManifest.xml:30:13-44
51            android:value="2" />
51-->src\main\AndroidManifest.xml:31:13-30
52        <meta-data
52-->src\main\AndroidManifest.xml:32:9-34:70
53            android:name="com.google.android.geo.API_KEY"
53-->src\main\AndroidManifest.xml:33:13-58
54            android:value="AIzaSyC7R4VrYaZonQDW6np2SnYoUI82_U7uAr0" />
54-->src\main\AndroidManifest.xml:34:13-68
55
56        <activity
56-->[:url_launcher] AndroidManifest.xml:8:9-11:74
57            android:name="io.flutter.plugins.urllauncher.WebViewActivity"
57-->[:url_launcher] AndroidManifest.xml:9:13-74
58            android:exported="false"
58-->[:url_launcher] AndroidManifest.xml:10:13-37
59            android:theme="@android:style/Theme.NoTitleBar.Fullscreen" /> <!-- Needs to be explicitly declared on P+ -->
59-->[:url_launcher] AndroidManifest.xml:11:13-71
60        <uses-library
60-->[com.google.android.gms:play-services-maps:17.0.0] AndroidManifest.xml:33:9-35:40
61            android:name="org.apache.http.legacy"
61-->[com.google.android.gms:play-services-maps:17.0.0] AndroidManifest.xml:34:13-50
62            android:required="false" />
62-->[com.google.android.gms:play-services-maps:17.0.0] AndroidManifest.xml:35:13-37
63
64        <activity
64-->[com.google.android.gms:play-services-base:17.0.0] AndroidManifest.xml:23:9-26:75
65            android:name="com.google.android.gms.common.api.GoogleApiActivity"
65-->[com.google.android.gms:play-services-base:17.0.0] AndroidManifest.xml:24:13-79
66            android:exported="false"
66-->[com.google.android.gms:play-services-base:17.0.0] AndroidManifest.xml:25:13-37
67            android:theme="@android:style/Theme.Translucent.NoTitleBar" />
67-->[com.google.android.gms:play-services-base:17.0.0] AndroidManifest.xml:26:13-72
68
69        <meta-data
69-->[com.google.android.gms:play-services-basement:17.0.0] AndroidManifest.xml:23:9-25:69
70            android:name="com.google.android.gms.version"
70-->[com.google.android.gms:play-services-basement:17.0.0] AndroidManifest.xml:24:13-58
71            android:value="@integer/google_play_services_version" />
71-->[com.google.android.gms:play-services-basement:17.0.0] AndroidManifest.xml:25:13-66
72    </application>
73
74</manifest>